Determining if the pthread_create exist failed with the following output:
Change Dir: /home/dieu_detruit/3A/simulation/ode/ode-0.16/ode-build/CMakeFiles/CMakeTmp

Run Build Command:"/usr/bin/make" "cmTC_45889/fast"
/usr/bin/make -f CMakeFiles/cmTC_45889.dir/build.make CMakeFiles/cmTC_45889.dir/build
make[1]: Entering directory '/home/dieu_detruit/3A/simulation/ode/ode-0.16/ode-build/CMakeFiles/CMakeTmp'
Building C object CMakeFiles/cmTC_45889.dir/CheckSymbolExists.c.o
/usr/bin/cc    -o CMakeFiles/cmTC_45889.dir/CheckSymbolExists.c.o   -c /home/dieu_detruit/3A/simulation/ode/ode-0.16/ode-build/CMakeFiles/CMakeTmp/CheckSymbolExists.c
Linking C executable cmTC_45889
/usr/bin/cmake -E cmake_link_script CMakeFiles/cmTC_45889.dir/link.txt --verbose=1
/usr/bin/cc      -rdynamic CMakeFiles/cmTC_45889.dir/CheckSymbolExists.c.o  -o cmTC_45889 
CMakeFiles/cmTC_45889.dir/CheckSymbolExists.c.o: In function `main':
CheckSymbolExists.c:(.text+0x1b): undefined reference to `pthread_create'
collect2: error: ld returned 1 exit status
CMakeFiles/cmTC_45889.dir/build.make:97: recipe for target 'cmTC_45889' failed
make[1]: *** [cmTC_45889] Error 1
make[1]: Leaving directory '/home/dieu_detruit/3A/simulation/ode/ode-0.16/ode-build/CMakeFiles/CMakeTmp'
Makefile:126: recipe for target 'cmTC_45889/fast' failed
make: *** [cmTC_45889/fast] Error 2

File /home/dieu_detruit/3A/simulation/ode/ode-0.16/ode-build/CMakeFiles/CMakeTmp/CheckSymbolExists.c:
/* */
#include <pthread.h>

int main(int argc, char** argv)
{
  (void)argv;
#ifndef pthread_create
  return ((int*)(&pthread_create))[argc];
#else
  (void)argc;
  return 0;
#endif
}

Determining if the function pthread_create exists in the pthreads failed with the following output:
Change Dir: /home/dieu_detruit/3A/simulation/ode/ode-0.16/ode-build/CMakeFiles/CMakeTmp

Run Build Command:"/usr/bin/make" "cmTC_64453/fast"
/usr/bin/make -f CMakeFiles/cmTC_64453.dir/build.make CMakeFiles/cmTC_64453.dir/build
make[1]: Entering directory '/home/dieu_detruit/3A/simulation/ode/ode-0.16/ode-build/CMakeFiles/CMakeTmp'
Building C object CMakeFiles/cmTC_64453.dir/CheckFunctionExists.c.o
/usr/bin/cc   -DCHECK_FUNCTION_EXISTS=pthread_create   -o CMakeFiles/cmTC_64453.dir/CheckFunctionExists.c.o   -c /usr/share/cmake-3.10/Modules/CheckFunctionExists.c
Linking C executable cmTC_64453
/usr/bin/cmake -E cmake_link_script CMakeFiles/cmTC_64453.dir/link.txt --verbose=1
/usr/bin/cc  -DCHECK_FUNCTION_EXISTS=pthread_create    -rdynamic CMakeFiles/cmTC_64453.dir/CheckFunctionExists.c.o  -o cmTC_64453 -lpthreads 
/usr/bin/ld: cannot find -lpthreads
collect2: error: ld returned 1 exit status
CMakeFiles/cmTC_64453.dir/build.make:97: recipe for target 'cmTC_64453' failed
make[1]: *** [cmTC_64453] Error 1
make[1]: Leaving directory '/home/dieu_detruit/3A/simulation/ode/ode-0.16/ode-build/CMakeFiles/CMakeTmp'
Makefile:126: recipe for target 'cmTC_64453/fast' failed
make: *** [cmTC_64453/fast] Error 2


Determining if the function pthread_attr_setstacklazy exists failed with the following output:
Change Dir: /home/dieu_detruit/3A/simulation/ode/ode-0.16/ode-build/CMakeFiles/CMakeTmp

Run Build Command:"/usr/bin/make" "cmTC_701e1/fast"
/usr/bin/make -f CMakeFiles/cmTC_701e1.dir/build.make CMakeFiles/cmTC_701e1.dir/build
make[1]: Entering directory '/home/dieu_detruit/3A/simulation/ode/ode-0.16/ode-build/CMakeFiles/CMakeTmp'
Building C object CMakeFiles/cmTC_701e1.dir/CheckFunctionExists.c.o
/usr/bin/cc   -DCHECK_FUNCTION_EXISTS=pthread_attr_setstacklazy   -o CMakeFiles/cmTC_701e1.dir/CheckFunctionExists.c.o   -c /usr/share/cmake-3.10/Modules/CheckFunctionExists.c
Linking C executable cmTC_701e1
/usr/bin/cmake -E cmake_link_script CMakeFiles/cmTC_701e1.dir/link.txt --verbose=1
/usr/bin/cc  -DCHECK_FUNCTION_EXISTS=pthread_attr_setstacklazy    -rdynamic CMakeFiles/cmTC_701e1.dir/CheckFunctionExists.c.o  -o cmTC_701e1 -lpthread /usr/lib/x86_64-linux-gnu/libGL.so /usr/lib/x86_64-linux-gnu/libGLU.so 
CMakeFiles/cmTC_701e1.dir/CheckFunctionExists.c.o: In function `main':
CheckFunctionExists.c:(.text+0x10): undefined reference to `pthread_attr_setstacklazy'
collect2: error: ld returned 1 exit status
CMakeFiles/cmTC_701e1.dir/build.make:99: recipe for target 'cmTC_701e1' failed
make[1]: *** [cmTC_701e1] Error 1
make[1]: Leaving directory '/home/dieu_detruit/3A/simulation/ode/ode-0.16/ode-build/CMakeFiles/CMakeTmp'
Makefile:126: recipe for target 'cmTC_701e1/fast' failed
make: *** [cmTC_701e1/fast] Error 2


Determining if the function _isnan exists failed with the following output:
Change Dir: /home/dieu_detruit/3A/simulation/ode/ode-0.16/ode-build/CMakeFiles/CMakeTmp

Run Build Command:"/usr/bin/make" "cmTC_4ad37/fast"
/usr/bin/make -f CMakeFiles/cmTC_4ad37.dir/build.make CMakeFiles/cmTC_4ad37.dir/build
make[1]: Entering directory '/home/dieu_detruit/3A/simulation/ode/ode-0.16/ode-build/CMakeFiles/CMakeTmp'
Building C object CMakeFiles/cmTC_4ad37.dir/CheckFunctionExists.c.o
/usr/bin/cc   -DCHECK_FUNCTION_EXISTS=_isnan   -o CMakeFiles/cmTC_4ad37.dir/CheckFunctionExists.c.o   -c /usr/share/cmake-3.10/Modules/CheckFunctionExists.c
Linking C executable cmTC_4ad37
/usr/bin/cmake -E cmake_link_script CMakeFiles/cmTC_4ad37.dir/link.txt --verbose=1
/usr/bin/cc  -DCHECK_FUNCTION_EXISTS=_isnan    -rdynamic CMakeFiles/cmTC_4ad37.dir/CheckFunctionExists.c.o  -o cmTC_4ad37 -lpthread /usr/lib/x86_64-linux-gnu/libGL.so /usr/lib/x86_64-linux-gnu/libGLU.so 
CMakeFiles/cmTC_4ad37.dir/CheckFunctionExists.c.o: In function `main':
CheckFunctionExists.c:(.text+0x10): undefined reference to `_isnan'
collect2: error: ld returned 1 exit status
CMakeFiles/cmTC_4ad37.dir/build.make:99: recipe for target 'cmTC_4ad37' failed
make[1]: *** [cmTC_4ad37] Error 1
make[1]: Leaving directory '/home/dieu_detruit/3A/simulation/ode/ode-0.16/ode-build/CMakeFiles/CMakeTmp'
Makefile:126: recipe for target 'cmTC_4ad37/fast' failed
make: *** [cmTC_4ad37/fast] Error 2


Determining if the function _isnanf exists failed with the following output:
Change Dir: /home/dieu_detruit/3A/simulation/ode/ode-0.16/ode-build/CMakeFiles/CMakeTmp

Run Build Command:"/usr/bin/make" "cmTC_d1faf/fast"
/usr/bin/make -f CMakeFiles/cmTC_d1faf.dir/build.make CMakeFiles/cmTC_d1faf.dir/build
make[1]: Entering directory '/home/dieu_detruit/3A/simulation/ode/ode-0.16/ode-build/CMakeFiles/CMakeTmp'
Building C object CMakeFiles/cmTC_d1faf.dir/CheckFunctionExists.c.o
/usr/bin/cc   -DCHECK_FUNCTION_EXISTS=_isnanf   -o CMakeFiles/cmTC_d1faf.dir/CheckFunctionExists.c.o   -c /usr/share/cmake-3.10/Modules/CheckFunctionExists.c
Linking C executable cmTC_d1faf
/usr/bin/cmake -E cmake_link_script CMakeFiles/cmTC_d1faf.dir/link.txt --verbose=1
/usr/bin/cc  -DCHECK_FUNCTION_EXISTS=_isnanf    -rdynamic CMakeFiles/cmTC_d1faf.dir/CheckFunctionExists.c.o  -o cmTC_d1faf -lpthread /usr/lib/x86_64-linux-gnu/libGL.so /usr/lib/x86_64-linux-gnu/libGLU.so 
CMakeFiles/cmTC_d1faf.dir/CheckFunctionExists.c.o: In function `main':
CheckFunctionExists.c:(.text+0x10): undefined reference to `_isnanf'
collect2: error: ld returned 1 exit status
CMakeFiles/cmTC_d1faf.dir/build.make:99: recipe for target 'cmTC_d1faf' failed
make[1]: *** [cmTC_d1faf] Error 1
make[1]: Leaving directory '/home/dieu_detruit/3A/simulation/ode/ode-0.16/ode-build/CMakeFiles/CMakeTmp'
Makefile:126: recipe for target 'cmTC_d1faf/fast' failed
make: *** [cmTC_d1faf/fast] Error 2


